<?xml version="1.0" encoding="UTF-8"?>
<!-- Generated by org.testng.reporters.JUnitReportReporter -->
<testsuite skipped="0" hostname="DESKTOP-AOB50LU" name="com.ask.ApachePOIAndSeleniumTestNG.test.AmazonSearch" tests="2" failures="0" timestamp="2020-08-19T11:39:49 EET" time="17.305" errors="0">
  <testcase name="test" time="4.275" classname="com.ask.ApachePOIAndSeleniumTestNG.test.AmazonSearch"/>
  <system-out/>
  <testcase name="search" time="13.030" classname="com.ask.ApachePOIAndSeleniumTestNG.test.AmazonSearch"/>
  <system-out/>
</testsuite> <!-- com.ask.ApachePOIAndSeleniumTestNG.test.AmazonSearch -->
